[2018-09-04 12:50:46.137] [INFO] crash-log - [32m[/home/cs-dev-server/digvijay/newDonald/DonaldPokerServer/node_modules/pomelo/lib/master/master.js] [39m[client],[pomelo_list_1536045645817],[1536045646137],[disconnect]
[2018-09-04 12:50:56.708] [INFO] crash-log - [32m[/home/cs-dev-server/digvijay/newDonald/DonaldPokerServer/node_modules/pomelo/lib/master/master.js] [39m[room],[room-server-2],[1536045656707],[disconnect]
[2018-09-04 12:50:56.712] [INFO] crash-log - [32m[/home/cs-dev-server/digvijay/newDonald/DonaldPokerServer/node_modules/pomelo/lib/master/master.js] [39m[room],[room-server-1],[1536045656712],[disconnect]
[2018-09-04 12:50:56.719] [INFO] crash-log - [32m[/home/cs-dev-server/digvijay/newDonald/DonaldPokerServer/node_modules/pomelo/lib/master/master.js] [39m[database],[database-server-1],[1536045656719],[disconnect]
[2018-09-04 12:50:56.745] [INFO] crash-log - [32m[/home/cs-dev-server/digvijay/newDonald/DonaldPokerServer/node_modules/pomelo/lib/master/master.js] [39m[gate],[gate-server-1],[1536045656745],[disconnect]
[2018-09-04 12:50:56.750] [INFO] crash-log - [32m[/home/cs-dev-server/digvijay/newDonald/DonaldPokerServer/node_modules/pomelo/lib/master/master.js] [39m[database],[database-server-2],[1536045656750],[disconnect]
[2018-09-04 12:50:56.754] [INFO] crash-log - [32m[/home/cs-dev-server/digvijay/newDonald/DonaldPokerServer/node_modules/pomelo/lib/master/master.js] [39m[connector],[connector-server-1],[1536045656754],[disconnect]
[2018-09-04 13:24:00.661] [INFO] crash-log - [32m[/home/cs-dev-server/digvijay/newDonald/DonaldPokerServer/node_modules/pomelo/lib/master/master.js] [39m[client],[pomelo_list_1536047640342],[1536047640661],[disconnect]
[2018-09-04 18:46:31.142] [INFO] crash-log - [32m[/home/cs-dev-server/digvijay/newDonald/DonaldPokerServer/node_modules/pomelo/lib/master/master.js] [39m[client],[pomelo_list_1536066990812],[1536066991142],[disconnect]
[2018-09-13 16:09:26.263] [INFO] crash-log - [32m[/home/cs-dev-server/digvijay/newDonald/DonaldPokerServer/node_modules/pomelo/lib/master/master.js] [39m[client],[pomelo_list_1536835165910],[1536835166263],[disconnect]
[2022-05-12 18:50:59.454] [INFO] crash-log - [32m[/home/vishal/code/local/node/pokermoogley_wssl_gameserver/game-server/node_modules/pomelo/lib/master/master.js] [39m[database],[database-server-1],[1652361659454],[disconnect]
[2022-05-12 18:51:03.446] [INFO] crash-log - [32m[/home/vishal/code/local/node/pokermoogley_wssl_gameserver/game-server/node_modules/pomelo/lib/master/master.js] [39m[database],[database-server-1],[1652361663446],[disconnect]
[2022-05-12 18:51:07.462] [INFO] crash-log - [32m[/home/vishal/code/local/node/pokermoogley_wssl_gameserver/game-server/node_modules/pomelo/lib/master/master.js] [39m[database],[database-server-1],[1652361667462],[disconnect]
[2022-05-12 18:51:11.506] [INFO] crash-log - [32m[/home/vishal/code/local/node/pokermoogley_wssl_gameserver/game-server/node_modules/pomelo/lib/master/master.js] [39m[database],[database-server-1],[1652361671506],[disconnect]
[2022-05-12 18:51:15.489] [INFO] crash-log - [32m[/home/vishal/code/local/node/pokermoogley_wssl_gameserver/game-server/node_modules/pomelo/lib/master/master.js] [39m[database],[database-server-1],[1652361675489],[disconnect]
[2022-05-12 18:51:19.437] [INFO] crash-log - [32m[/home/vishal/code/local/node/pokermoogley_wssl_gameserver/game-server/node_modules/pomelo/lib/master/master.js] [39m[database],[database-server-1],[1652361679437],[disconnect]
[2022-05-12 18:51:23.389] [INFO] crash-log - [32m[/home/vishal/code/local/node/pokermoogley_wssl_gameserver/game-server/node_modules/pomelo/lib/master/master.js] [39m[database],[database-server-1],[1652361683389],[disconnect]
[2022-05-12 18:51:27.358] [INFO] crash-log - [32m[/home/vishal/code/local/node/pokermoogley_wssl_gameserver/game-server/node_modules/pomelo/lib/master/master.js] [39m[database],[database-server-1],[1652361687358],[disconnect]
[2022-05-12 18:51:31.268] [INFO] crash-log - [32m[/home/vishal/code/local/node/pokermoogley_wssl_gameserver/game-server/node_modules/pomelo/lib/master/master.js] [39m[database],[database-server-1],[1652361691268],[disconnect]
[2022-05-12 18:51:35.189] [INFO] crash-log - [32m[/home/vishal/code/local/node/pokermoogley_wssl_gameserver/game-server/node_modules/pomelo/lib/master/master.js] [39m[database],[database-server-1],[1652361695189],[disconnect]
[2022-05-12 18:51:39.123] [INFO] crash-log - [32m[/home/vishal/code/local/node/pokermoogley_wssl_gameserver/game-server/node_modules/pomelo/lib/master/master.js] [39m[database],[database-server-1],[1652361699123],[disconnect]
[2022-05-12 18:51:43.036] [INFO] crash-log - [32m[/home/vishal/code/local/node/pokermoogley_wssl_gameserver/game-server/node_modules/pomelo/lib/master/master.js] [39m[database],[database-server-1],[1652361703036],[disconnect]
[2022-05-12 18:51:46.992] [INFO] crash-log - [32m[/home/vishal/code/local/node/pokermoogley_wssl_gameserver/game-server/node_modules/pomelo/lib/master/master.js] [39m[database],[database-server-1],[1652361706991],[disconnect]
[2022-05-12 18:51:51.000] [INFO] crash-log - [32m[/home/vishal/code/local/node/pokermoogley_wssl_gameserver/game-server/node_modules/pomelo/lib/master/master.js] [39m[database],[database-server-1],[1652361711000],[disconnect]
[2022-05-12 18:51:54.961] [INFO] crash-log - [32m[/home/vishal/code/local/node/pokermoogley_wssl_gameserver/game-server/node_modules/pomelo/lib/master/master.js] [39m[database],[database-server-1],[1652361714961],[disconnect]
[2022-05-12 18:51:58.862] [INFO] crash-log - [32m[/home/vishal/code/local/node/pokermoogley_wssl_gameserver/game-server/node_modules/pomelo/lib/master/master.js] [39m[database],[database-server-1],[1652361718862],[disconnect]
[2022-05-12 18:52:02.752] [INFO] crash-log - [32m[/home/vishal/code/local/node/pokermoogley_wssl_gameserver/game-server/node_modules/pomelo/lib/master/master.js] [39m[database],[database-server-1],[1652361722752],[disconnect]
[2022-05-12 18:52:06.724] [INFO] crash-log - [32m[/home/vishal/code/local/node/pokermoogley_wssl_gameserver/game-server/node_modules/pomelo/lib/master/master.js] [39m[database],[database-server-1],[1652361726724],[disconnect]
[2022-05-12 18:52:10.667] [INFO] crash-log - [32m[/home/vishal/code/local/node/pokermoogley_wssl_gameserver/game-server/node_modules/pomelo/lib/master/master.js] [39m[database],[database-server-1],[1652361730667],[disconnect]
[2022-05-12 18:52:14.622] [INFO] crash-log - [32m[/home/vishal/code/local/node/pokermoogley_wssl_gameserver/game-server/node_modules/pomelo/lib/master/master.js] [39m[database],[database-server-1],[1652361734622],[disconnect]
[2022-05-12 18:52:18.596] [INFO] crash-log - [32m[/home/vishal/code/local/node/pokermoogley_wssl_gameserver/game-server/node_modules/pomelo/lib/master/master.js] [39m[database],[database-server-1],[1652361738596],[disconnect]
[2022-05-12 18:52:22.494] [INFO] crash-log - [32m[/home/vishal/code/local/node/pokermoogley_wssl_gameserver/game-server/node_modules/pomelo/lib/master/master.js] [39m[database],[database-server-1],[1652361742494],[disconnect]
[2022-05-12 18:52:26.389] [INFO] crash-log - [32m[/home/vishal/code/local/node/pokermoogley_wssl_gameserver/game-server/node_modules/pomelo/lib/master/master.js] [39m[database],[database-server-1],[1652361746389],[disconnect]
[2022-05-12 18:52:30.286] [INFO] crash-log - [32m[/home/vishal/code/local/node/pokermoogley_wssl_gameserver/game-server/node_modules/pomelo/lib/master/master.js] [39m[database],[database-server-1],[1652361750286],[disconnect]
[2022-05-12 18:52:34.172] [INFO] crash-log - [32m[/home/vishal/code/local/node/pokermoogley_wssl_gameserver/game-server/node_modules/pomelo/lib/master/master.js] [39m[database],[database-server-1],[1652361754172],[disconnect]
[2022-05-12 18:52:38.061] [INFO] crash-log - [32m[/home/vishal/code/local/node/pokermoogley_wssl_gameserver/game-server/node_modules/pomelo/lib/master/master.js] [39m[database],[database-server-1],[1652361758061],[disconnect]
[2022-05-12 18:52:41.956] [INFO] crash-log - [32m[/home/vishal/code/local/node/pokermoogley_wssl_gameserver/game-server/node_modules/pomelo/lib/master/master.js] [39m[database],[database-server-1],[1652361761956],[disconnect]
[2022-05-12 18:52:45.843] [INFO] crash-log - [32m[/home/vishal/code/local/node/pokermoogley_wssl_gameserver/game-server/node_modules/pomelo/lib/master/master.js] [39m[database],[database-server-1],[1652361765843],[disconnect]
[2022-05-12 18:52:49.729] [INFO] crash-log - [32m[/home/vishal/code/local/node/pokermoogley_wssl_gameserver/game-server/node_modules/pomelo/lib/master/master.js] [39m[database],[database-server-1],[1652361769729],[disconnect]
[2022-05-12 18:52:53.622] [INFO] crash-log - [32m[/home/vishal/code/local/node/pokermoogley_wssl_gameserver/game-server/node_modules/pomelo/lib/master/master.js] [39m[database],[database-server-1],[1652361773622],[disconnect]
[2022-05-12 18:52:57.535] [INFO] crash-log - [32m[/home/vishal/code/local/node/pokermoogley_wssl_gameserver/game-server/node_modules/pomelo/lib/master/master.js] [39m[database],[database-server-1],[1652361777535],[disconnect]
[2022-05-12 18:53:01.430] [INFO] crash-log - [32m[/home/vishal/code/local/node/pokermoogley_wssl_gameserver/game-server/node_modules/pomelo/lib/master/master.js] [39m[database],[database-server-1],[1652361781430],[disconnect]
[2022-05-12 18:53:05.318] [INFO] crash-log - [32m[/home/vishal/code/local/node/pokermoogley_wssl_gameserver/game-server/node_modules/pomelo/lib/master/master.js] [39m[database],[database-server-1],[1652361785318],[disconnect]
[2022-05-12 18:53:09.214] [INFO] crash-log - [32m[/home/vishal/code/local/node/pokermoogley_wssl_gameserver/game-server/node_modules/pomelo/lib/master/master.js] [39m[database],[database-server-1],[1652361789214],[disconnect]
[2022-05-12 18:53:13.110] [INFO] crash-log - [32m[/home/vishal/code/local/node/pokermoogley_wssl_gameserver/game-server/node_modules/pomelo/lib/master/master.js] [39m[database],[database-server-1],[1652361793110],[disconnect]
[2022-05-12 18:53:17.000] [INFO] crash-log - [32m[/home/vishal/code/local/node/pokermoogley_wssl_gameserver/game-server/node_modules/pomelo/lib/master/master.js] [39m[database],[database-server-1],[1652361797000],[disconnect]
[2022-05-12 18:53:20.884] [INFO] crash-log - [32m[/home/vishal/code/local/node/pokermoogley_wssl_gameserver/game-server/node_modules/pomelo/lib/master/master.js] [39m[database],[database-server-1],[1652361800884],[disconnect]
[2022-05-12 18:53:24.772] [INFO] crash-log - [32m[/home/vishal/code/local/node/pokermoogley_wssl_gameserver/game-server/node_modules/pomelo/lib/master/master.js] [39m[database],[database-server-1],[1652361804772],[disconnect]
[2022-05-12 18:53:28.665] [INFO] crash-log - [32m[/home/vishal/code/local/node/pokermoogley_wssl_gameserver/game-server/node_modules/pomelo/lib/master/master.js] [39m[database],[database-server-1],[1652361808665],[disconnect]
[2022-05-12 18:53:32.573] [INFO] crash-log - [32m[/home/vishal/code/local/node/pokermoogley_wssl_gameserver/game-server/node_modules/pomelo/lib/master/master.js] [39m[database],[database-server-1],[1652361812573],[disconnect]
[2022-05-12 18:53:36.469] [INFO] crash-log - [32m[/home/vishal/code/local/node/pokermoogley_wssl_gameserver/game-server/node_modules/pomelo/lib/master/master.js] [39m[database],[database-server-1],[1652361816469],[disconnect]
[2022-05-12 18:53:40.365] [INFO] crash-log - [32m[/home/vishal/code/local/node/pokermoogley_wssl_gameserver/game-server/node_modules/pomelo/lib/master/master.js] [39m[database],[database-server-1],[1652361820365],[disconnect]
[2022-05-12 18:53:44.250] [INFO] crash-log - [32m[/home/vishal/code/local/node/pokermoogley_wssl_gameserver/game-server/node_modules/pomelo/lib/master/master.js] [39m[database],[database-server-1],[1652361824250],[disconnect]
[2022-05-12 18:53:48.162] [INFO] crash-log - [32m[/home/vishal/code/local/node/pokermoogley_wssl_gameserver/game-server/node_modules/pomelo/lib/master/master.js] [39m[database],[database-server-1],[1652361828162],[disconnect]
[2022-05-12 18:53:52.060] [INFO] crash-log - [32m[/home/vishal/code/local/node/pokermoogley_wssl_gameserver/game-server/node_modules/pomelo/lib/master/master.js] [39m[database],[database-server-1],[1652361832060],[disconnect]
[2022-05-12 18:53:55.958] [INFO] crash-log - [32m[/home/vishal/code/local/node/pokermoogley_wssl_gameserver/game-server/node_modules/pomelo/lib/master/master.js] [39m[database],[database-server-1],[1652361835958],[disconnect]
[2022-05-12 18:53:59.861] [INFO] crash-log - [32m[/home/vishal/code/local/node/pokermoogley_wssl_gameserver/game-server/node_modules/pomelo/lib/master/master.js] [39m[database],[database-server-1],[1652361839861],[disconnect]
[2022-05-12 18:54:03.774] [INFO] crash-log - [32m[/home/vishal/code/local/node/pokermoogley_wssl_gameserver/game-server/node_modules/pomelo/lib/master/master.js] [39m[database],[database-server-1],[1652361843774],[disconnect]
[2022-05-12 18:54:07.657] [INFO] crash-log - [32m[/home/vishal/code/local/node/pokermoogley_wssl_gameserver/game-server/node_modules/pomelo/lib/master/master.js] [39m[database],[database-server-1],[1652361847657],[disconnect]
[2022-05-12 18:54:11.545] [INFO] crash-log - [32m[/home/vishal/code/local/node/pokermoogley_wssl_gameserver/game-server/node_modules/pomelo/lib/master/master.js] [39m[database],[database-server-1],[1652361851545],[disconnect]
[2022-05-12 18:54:15.444] [INFO] crash-log - [32m[/home/vishal/code/local/node/pokermoogley_wssl_gameserver/game-server/node_modules/pomelo/lib/master/master.js] [39m[database],[database-server-1],[1652361855444],[disconnect]
[2022-05-12 18:54:19.335] [INFO] crash-log - [32m[/home/vishal/code/local/node/pokermoogley_wssl_gameserver/game-server/node_modules/pomelo/lib/master/master.js] [39m[database],[database-server-1],[1652361859335],[disconnect]
[2022-05-12 18:54:23.241] [INFO] crash-log - [32m[/home/vishal/code/local/node/pokermoogley_wssl_gameserver/game-server/node_modules/pomelo/lib/master/master.js] [39m[database],[database-server-1],[1652361863241],[disconnect]
[2022-05-12 18:54:27.120] [INFO] crash-log - [32m[/home/vishal/code/local/node/pokermoogley_wssl_gameserver/game-server/node_modules/pomelo/lib/master/master.js] [39m[database],[database-server-1],[1652361867120],[disconnect]
[2022-05-12 18:54:31.012] [INFO] crash-log - [32m[/home/vishal/code/local/node/pokermoogley_wssl_gameserver/game-server/node_modules/pomelo/lib/master/master.js] [39m[database],[database-server-1],[1652361871012],[disconnect]
[2022-05-12 18:54:34.905] [INFO] crash-log - [32m[/home/vishal/code/local/node/pokermoogley_wssl_gameserver/game-server/node_modules/pomelo/lib/master/master.js] [39m[database],[database-server-1],[1652361874905],[disconnect]
[2022-05-12 18:54:38.912] [INFO] crash-log - [32m[/home/vishal/code/local/node/pokermoogley_wssl_gameserver/game-server/node_modules/pomelo/lib/master/master.js] [39m[database],[database-server-1],[1652361878912],[disconnect]
[2022-05-12 18:54:42.816] [INFO] crash-log - [32m[/home/vishal/code/local/node/pokermoogley_wssl_gameserver/game-server/node_modules/pomelo/lib/master/master.js] [39m[database],[database-server-1],[1652361882816],[disconnect]
[2022-05-12 18:54:46.721] [INFO] crash-log - [32m[/home/vishal/code/local/node/pokermoogley_wssl_gameserver/game-server/node_modules/pomelo/lib/master/master.js] [39m[database],[database-server-1],[1652361886721],[disconnect]
[2022-05-12 18:54:50.616] [INFO] crash-log - [32m[/home/vishal/code/local/node/pokermoogley_wssl_gameserver/game-server/node_modules/pomelo/lib/master/master.js] [39m[database],[database-server-1],[1652361890616],[disconnect]
[2022-05-12 18:54:54.513] [INFO] crash-log - [32m[/home/vishal/code/local/node/pokermoogley_wssl_gameserver/game-server/node_modules/pomelo/lib/master/master.js] [39m[database],[database-server-1],[1652361894513],[disconnect]
[2022-05-12 18:54:58.409] [INFO] crash-log - [32m[/home/vishal/code/local/node/pokermoogley_wssl_gameserver/game-server/node_modules/pomelo/lib/master/master.js] [39m[database],[database-server-1],[1652361898409],[disconnect]
[2022-05-12 18:55:02.300] [INFO] crash-log - [32m[/home/vishal/code/local/node/pokermoogley_wssl_gameserver/game-server/node_modules/pomelo/lib/master/master.js] [39m[database],[database-server-1],[1652361902300],[disconnect]
[2022-05-12 18:55:06.201] [INFO] crash-log - [32m[/home/vishal/code/local/node/pokermoogley_wssl_gameserver/game-server/node_modules/pomelo/lib/master/master.js] [39m[database],[database-server-1],[1652361906201],[disconnect]
[2022-05-12 18:55:10.116] [INFO] crash-log - [32m[/home/vishal/code/local/node/pokermoogley_wssl_gameserver/game-server/node_modules/pomelo/lib/master/master.js] [39m[database],[database-server-1],[1652361910116],[disconnect]
[2022-05-12 18:55:14.014] [INFO] crash-log - [32m[/home/vishal/code/local/node/pokermoogley_wssl_gameserver/game-server/node_modules/pomelo/lib/master/master.js] [39m[database],[database-server-1],[1652361914014],[disconnect]
[2022-05-12 18:55:17.905] [INFO] crash-log - [32m[/home/vishal/code/local/node/pokermoogley_wssl_gameserver/game-server/node_modules/pomelo/lib/master/master.js] [39m[database],[database-server-1],[1652361917905],[disconnect]
[2022-05-12 18:55:21.798] [INFO] crash-log - [32m[/home/vishal/code/local/node/pokermoogley_wssl_gameserver/game-server/node_modules/pomelo/lib/master/master.js] [39m[database],[database-server-1],[1652361921798],[disconnect]
[2022-05-12 18:55:25.684] [INFO] crash-log - [32m[/home/vishal/code/local/node/pokermoogley_wssl_gameserver/game-server/node_modules/pomelo/lib/master/master.js] [39m[database],[database-server-1],[1652361925684],[disconnect]
[2022-05-12 18:55:29.575] [INFO] crash-log - [32m[/home/vishal/code/local/node/pokermoogley_wssl_gameserver/game-server/node_modules/pomelo/lib/master/master.js] [39m[database],[database-server-1],[1652361929575],[disconnect]
[2022-05-12 18:55:33.455] [INFO] crash-log - [32m[/home/vishal/code/local/node/pokermoogley_wssl_gameserver/game-server/node_modules/pomelo/lib/master/master.js] [39m[database],[database-server-1],[1652361933455],[disconnect]
[2022-05-12 18:55:37.367] [INFO] crash-log - [32m[/home/vishal/code/local/node/pokermoogley_wssl_gameserver/game-server/node_modules/pomelo/lib/master/master.js] [39m[database],[database-server-1],[1652361937367],[disconnect]
[2022-05-12 18:55:41.257] [INFO] crash-log - [32m[/home/vishal/code/local/node/pokermoogley_wssl_gameserver/game-server/node_modules/pomelo/lib/master/master.js] [39m[database],[database-server-1],[1652361941257],[disconnect]
[2022-05-12 18:55:45.154] [INFO] crash-log - [32m[/home/vishal/code/local/node/pokermoogley_wssl_gameserver/game-server/node_modules/pomelo/lib/master/master.js] [39m[database],[database-server-1],[1652361945154],[disconnect]
[2022-05-12 18:55:49.042] [INFO] crash-log - [32m[/home/vishal/code/local/node/pokermoogley_wssl_gameserver/game-server/node_modules/pomelo/lib/master/master.js] [39m[database],[database-server-1],[1652361949042],[disconnect]
[2022-05-12 18:55:52.923] [INFO] crash-log - [32m[/home/vishal/code/local/node/pokermoogley_wssl_gameserver/game-server/node_modules/pomelo/lib/master/master.js] [39m[database],[database-server-1],[1652361952923],[disconnect]
[2022-05-12 18:55:56.823] [INFO] crash-log - [32m[/home/vishal/code/local/node/pokermoogley_wssl_gameserver/game-server/node_modules/pomelo/lib/master/master.js] [39m[database],[database-server-1],[1652361956823],[disconnect]
[2022-05-12 18:56:00.712] [INFO] crash-log - [32m[/home/vishal/code/local/node/pokermoogley_wssl_gameserver/game-server/node_modules/pomelo/lib/master/master.js] [39m[database],[database-server-1],[1652361960712],[disconnect]
[2022-05-12 18:56:04.612] [INFO] crash-log - [32m[/home/vishal/code/local/node/pokermoogley_wssl_gameserver/game-server/node_modules/pomelo/lib/master/master.js] [39m[database],[database-server-1],[1652361964612],[disconnect]
[2022-05-12 18:56:08.505] [INFO] crash-log - [32m[/home/vishal/code/local/node/pokermoogley_wssl_gameserver/game-server/node_modules/pomelo/lib/master/master.js] [39m[database],[database-server-1],[1652361968505],[disconnect]
[2022-05-12 18:56:12.395] [INFO] crash-log - [32m[/home/vishal/code/local/node/pokermoogley_wssl_gameserver/game-server/node_modules/pomelo/lib/master/master.js] [39m[database],[database-server-1],[1652361972395],[disconnect]
[2022-05-12 18:56:16.291] [INFO] crash-log - [32m[/home/vishal/code/local/node/pokermoogley_wssl_gameserver/game-server/node_modules/pomelo/lib/master/master.js] [39m[database],[database-server-1],[1652361976291],[disconnect]
[2022-05-12 18:56:20.180] [INFO] crash-log - [32m[/home/vishal/code/local/node/pokermoogley_wssl_gameserver/game-server/node_modules/pomelo/lib/master/master.js] [39m[database],[database-server-1],[1652361980180],[disconnect]
[2022-05-12 18:56:24.072] [INFO] crash-log - [32m[/home/vishal/code/local/node/pokermoogley_wssl_gameserver/game-server/node_modules/pomelo/lib/master/master.js] [39m[database],[database-server-1],[1652361984072],[disconnect]
[2022-05-12 18:56:27.976] [INFO] crash-log - [32m[/home/vishal/code/local/node/pokermoogley_wssl_gameserver/game-server/node_modules/pomelo/lib/master/master.js] [39m[database],[database-server-1],[1652361987976],[disconnect]
[2022-05-12 18:56:31.866] [INFO] crash-log - [32m[/home/vishal/code/local/node/pokermoogley_wssl_gameserver/game-server/node_modules/pomelo/lib/master/master.js] [39m[database],[database-server-1],[1652361991866],[disconnect]
[2022-05-12 18:56:35.761] [INFO] crash-log - [32m[/home/vishal/code/local/node/pokermoogley_wssl_gameserver/game-server/node_modules/pomelo/lib/master/master.js] [39m[database],[database-server-1],[1652361995761],[disconnect]
[2022-05-12 18:56:39.650] [INFO] crash-log - [32m[/home/vishal/code/local/node/pokermoogley_wssl_gameserver/game-server/node_modules/pomelo/lib/master/master.js] [39m[database],[database-server-1],[1652361999650],[disconnect]
[2022-05-12 18:56:43.565] [INFO] crash-log - [32m[/home/vishal/code/local/node/pokermoogley_wssl_gameserver/game-server/node_modules/pomelo/lib/master/master.js] [39m[database],[database-server-1],[1652362003565],[disconnect]
[2022-05-12 18:56:47.454] [INFO] crash-log - [32m[/home/vishal/code/local/node/pokermoogley_wssl_gameserver/game-server/node_modules/pomelo/lib/master/master.js] [39m[database],[database-server-1],[1652362007454],[disconnect]
[2022-05-12 18:56:51.339] [INFO] crash-log - [32m[/home/vishal/code/local/node/pokermoogley_wssl_gameserver/game-server/node_modules/pomelo/lib/master/master.js] [39m[database],[database-server-1],[1652362011339],[disconnect]
[2022-05-12 18:56:55.243] [INFO] crash-log - [32m[/home/vishal/code/local/node/pokermoogley_wssl_gameserver/game-server/node_modules/pomelo/lib/master/master.js] [39m[database],[database-server-1],[1652362015243],[disconnect]
[2022-05-12 18:56:59.135] [INFO] crash-log - [32m[/home/vishal/code/local/node/pokermoogley_wssl_gameserver/game-server/node_modules/pomelo/lib/master/master.js] [39m[database],[database-server-1],[1652362019134],[disconnect]
[2022-05-12 18:57:03.023] [INFO] crash-log - [32m[/home/vishal/code/local/node/pokermoogley_wssl_gameserver/game-server/node_modules/pomelo/lib/master/master.js] [39m[database],[database-server-1],[1652362023023],[disconnect]
[2022-05-12 18:57:06.928] [INFO] crash-log - [32m[/home/vishal/code/local/node/pokermoogley_wssl_gameserver/game-server/node_modules/pomelo/lib/master/master.js] [39m[database],[database-server-1],[1652362026928],[disconnect]
[2022-05-12 18:57:10.832] [INFO] crash-log - [32m[/home/vishal/code/local/node/pokermoogley_wssl_gameserver/game-server/node_modules/pomelo/lib/master/master.js] [39m[database],[database-server-1],[1652362030832],[disconnect]
[2022-05-12 18:57:14.729] [INFO] crash-log - [32m[/home/vishal/code/local/node/pokermoogley_wssl_gameserver/game-server/node_modules/pomelo/lib/master/master.js] [39m[database],[database-server-1],[1652362034729],[disconnect]
[2022-05-12 18:57:18.614] [INFO] crash-log - [32m[/home/vishal/code/local/node/pokermoogley_wssl_gameserver/game-server/node_modules/pomelo/lib/master/master.js] [39m[database],[database-server-1],[1652362038614],[disconnect]
[2022-05-12 18:57:22.505] [INFO] crash-log - [32m[/home/vishal/code/local/node/pokermoogley_wssl_gameserver/game-server/node_modules/pomelo/lib/master/master.js] [39m[database],[database-server-1],[1652362042505],[disconnect]
[2022-05-12 18:57:26.394] [INFO] crash-log - [32m[/home/vishal/code/local/node/pokermoogley_wssl_gameserver/game-server/node_modules/pomelo/lib/master/master.js] [39m[database],[database-server-1],[1652362046394],[disconnect]
[2022-05-12 18:57:30.289] [INFO] crash-log - [32m[/home/vishal/code/local/node/pokermoogley_wssl_gameserver/game-server/node_modules/pomelo/lib/master/master.js] [39m[database],[database-server-1],[1652362050289],[disconnect]
[2022-05-12 18:57:34.165] [INFO] crash-log - [32m[/home/vishal/code/local/node/pokermoogley_wssl_gameserver/game-server/node_modules/pomelo/lib/master/master.js] [39m[database],[database-server-1],[1652362054165],[disconnect]
[2022-05-12 18:57:38.049] [INFO] crash-log - [32m[/home/vishal/code/local/node/pokermoogley_wssl_gameserver/game-server/node_modules/pomelo/lib/master/master.js] [39m[database],[database-server-1],[1652362058049],[disconnect]
[2022-05-12 18:57:41.936] [INFO] crash-log - [32m[/home/vishal/code/local/node/pokermoogley_wssl_gameserver/game-server/node_modules/pomelo/lib/master/master.js] [39m[database],[database-server-1],[1652362061936],[disconnect]
[2022-05-12 18:57:45.830] [INFO] crash-log - [32m[/home/vishal/code/local/node/pokermoogley_wssl_gameserver/game-server/node_modules/pomelo/lib/master/master.js] [39m[database],[database-server-1],[1652362065830],[disconnect]
[2022-05-12 18:57:49.727] [INFO] crash-log - [32m[/home/vishal/code/local/node/pokermoogley_wssl_gameserver/game-server/node_modules/pomelo/lib/master/master.js] [39m[database],[database-server-1],[1652362069727],[disconnect]
[2022-05-12 18:57:53.643] [INFO] crash-log - [32m[/home/vishal/code/local/node/pokermoogley_wssl_gameserver/game-server/node_modules/pomelo/lib/master/master.js] [39m[database],[database-server-1],[1652362073643],[disconnect]
[2022-05-12 18:57:57.576] [INFO] crash-log - [32m[/home/vishal/code/local/node/pokermoogley_wssl_gameserver/game-server/node_modules/pomelo/lib/master/master.js] [39m[database],[database-server-1],[1652362077576],[disconnect]
[2022-05-12 18:58:04.646] [INFO] crash-log - [32m[/home/vishal/code/local/node/pokermoogley_wssl_gameserver/game-server/node_modules/pomelo/lib/master/master.js] [39m[database],[database-server-1],[1652362084646],[disconnect]
[2022-05-12 18:58:08.588] [INFO] crash-log - [32m[/home/vishal/code/local/node/pokermoogley_wssl_gameserver/game-server/node_modules/pomelo/lib/master/master.js] [39m[database],[database-server-1],[1652362088588],[disconnect]
[2022-05-12 18:58:12.527] [INFO] crash-log - [32m[/home/vishal/code/local/node/pokermoogley_wssl_gameserver/game-server/node_modules/pomelo/lib/master/master.js] [39m[database],[database-server-1],[1652362092527],[disconnect]
[2022-05-12 18:58:16.435] [INFO] crash-log - [32m[/home/vishal/code/local/node/pokermoogley_wssl_gameserver/game-server/node_modules/pomelo/lib/master/master.js] [39m[database],[database-server-1],[1652362096435],[disconnect]
[2022-05-12 18:58:20.329] [INFO] crash-log - [32m[/home/vishal/code/local/node/pokermoogley_wssl_gameserver/game-server/node_modules/pomelo/lib/master/master.js] [39m[database],[database-server-1],[1652362100329],[disconnect]
[2022-05-12 18:58:24.232] [INFO] crash-log - [32m[/home/vishal/code/local/node/pokermoogley_wssl_gameserver/game-server/node_modules/pomelo/lib/master/master.js] [39m[database],[database-server-1],[1652362104232],[disconnect]
[2022-05-12 18:58:28.166] [INFO] crash-log - [32m[/home/vishal/code/local/node/pokermoogley_wssl_gameserver/game-server/node_modules/pomelo/lib/master/master.js] [39m[database],[database-server-1],[1652362108166],[disconnect]
[2022-05-12 18:58:32.110] [INFO] crash-log - [32m[/home/vishal/code/local/node/pokermoogley_wssl_gameserver/game-server/node_modules/pomelo/lib/master/master.js] [39m[database],[database-server-1],[1652362112110],[disconnect]
[2022-05-12 18:58:36.018] [INFO] crash-log - [32m[/home/vishal/code/local/node/pokermoogley_wssl_gameserver/game-server/node_modules/pomelo/lib/master/master.js] [39m[database],[database-server-1],[1652362116018],[disconnect]
[2022-05-12 18:58:39.919] [INFO] crash-log - [32m[/home/vishal/code/local/node/pokermoogley_wssl_gameserver/game-server/node_modules/pomelo/lib/master/master.js] [39m[database],[database-server-1],[1652362119919],[disconnect]
[2022-05-12 18:58:43.854] [INFO] crash-log - [32m[/home/vishal/code/local/node/pokermoogley_wssl_gameserver/game-server/node_modules/pomelo/lib/master/master.js] [39m[database],[database-server-1],[1652362123854],[disconnect]
[2022-05-12 18:58:47.766] [INFO] crash-log - [32m[/home/vishal/code/local/node/pokermoogley_wssl_gameserver/game-server/node_modules/pomelo/lib/master/master.js] [39m[database],[database-server-1],[1652362127766],[disconnect]
[2022-05-12 18:59:25.059] [INFO] crash-log - [32m[/home/vishal/code/local/node/pokermoogley_wssl_gameserver/game-server/node_modules/pomelo/lib/master/master.js] [39m[database],[database-server-1],[1652362165059],[disconnect]
[2022-05-12 18:59:29.015] [INFO] crash-log - [32m[/home/vishal/code/local/node/pokermoogley_wssl_gameserver/game-server/node_modules/pomelo/lib/master/master.js] [39m[database],[database-server-1],[1652362169015],[disconnect]
[2022-05-12 18:59:32.926] [INFO] crash-log - [32m[/home/vishal/code/local/node/pokermoogley_wssl_gameserver/game-server/node_modules/pomelo/lib/master/master.js] [39m[database],[database-server-1],[1652362172926],[disconnect]
[2022-05-12 18:59:36.826] [INFO] crash-log - [32m[/home/vishal/code/local/node/pokermoogley_wssl_gameserver/game-server/node_modules/pomelo/lib/master/master.js] [39m[database],[database-server-1],[1652362176826],[disconnect]
[2022-05-12 18:59:40.721] [INFO] crash-log - [32m[/home/vishal/code/local/node/pokermoogley_wssl_gameserver/game-server/node_modules/pomelo/lib/master/master.js] [39m[database],[database-server-1],[1652362180721],[disconnect]
[2022-05-12 18:59:44.653] [INFO] crash-log - [32m[/home/vishal/code/local/node/pokermoogley_wssl_gameserver/game-server/node_modules/pomelo/lib/master/master.js] [39m[database],[database-server-1],[1652362184653],[disconnect]
[2022-05-12 18:59:48.591] [INFO] crash-log - [32m[/home/vishal/code/local/node/pokermoogley_wssl_gameserver/game-server/node_modules/pomelo/lib/master/master.js] [39m[database],[database-server-1],[1652362188591],[disconnect]
[2022-05-12 18:59:52.589] [INFO] crash-log - [32m[/home/vishal/code/local/node/pokermoogley_wssl_gameserver/game-server/node_modules/pomelo/lib/master/master.js] [39m[database],[database-server-1],[1652362192589],[disconnect]
[2022-05-12 18:59:56.543] [INFO] crash-log - [32m[/home/vishal/code/local/node/pokermoogley_wssl_gameserver/game-server/node_modules/pomelo/lib/master/master.js] [39m[database],[database-server-1],[1652362196542],[disconnect]
[2022-05-12 19:00:00.530] [INFO] crash-log - [32m[/home/vishal/code/local/node/pokermoogley_wssl_gameserver/game-server/node_modules/pomelo/lib/master/master.js] [39m[database],[database-server-1],[1652362200530],[disconnect]
[2022-05-12 19:00:04.457] [INFO] crash-log - [32m[/home/vishal/code/local/node/pokermoogley_wssl_gameserver/game-server/node_modules/pomelo/lib/master/master.js] [39m[database],[database-server-1],[1652362204457],[disconnect]
[2022-05-12 19:00:08.384] [INFO] crash-log - [32m[/home/vishal/code/local/node/pokermoogley_wssl_gameserver/game-server/node_modules/pomelo/lib/master/master.js] [39m[database],[database-server-1],[1652362208384],[disconnect]
[2022-05-12 19:00:12.294] [INFO] crash-log - [32m[/home/vishal/code/local/node/pokermoogley_wssl_gameserver/game-server/node_modules/pomelo/lib/master/master.js] [39m[database],[database-server-1],[1652362212294],[disconnect]
[2022-05-12 19:00:16.254] [INFO] crash-log - [32m[/home/vishal/code/local/node/pokermoogley_wssl_gameserver/game-server/node_modules/pomelo/lib/master/master.js] [39m[database],[database-server-1],[1652362216254],[disconnect]
[2022-05-12 19:00:20.239] [INFO] crash-log - [32m[/home/vishal/code/local/node/pokermoogley_wssl_gameserver/game-server/node_modules/pomelo/lib/master/master.js] [39m[database],[database-server-1],[1652362220239],[disconnect]
[2022-05-12 19:15:16.380] [INFO] crash-log - [32m[/home/vishal/code/local/node/pokermoogley_wssl_gameserver/game-server/node_modules/pomelo/lib/master/master.js] [39m[client],[pomelo_list_1652363116313],[1652363116380],[disconnect]
[2022-05-12 19:16:26.562] [INFO] crash-log - [32m[/home/vishal/code/local/node/pokermoogley_wssl_gameserver/game-server/node_modules/pomelo/lib/master/master.js] [39m[client],[pomelo_list_1652363186499],[1652363186562],[disconnect]
[2022-05-12 19:18:17.345] [INFO] crash-log - [32m[/home/vishal/code/local/node/pokermoogley_wssl_gameserver/game-server/node_modules/pomelo/lib/master/master.js] [39m[client],[pomelo_list_1652363297238],[1652363297345],[disconnect]
[2022-05-12 19:18:24.262] [INFO] crash-log - [32m[/home/vishal/code/local/node/pokermoogley_wssl_gameserver/game-server/node_modules/pomelo/lib/master/master.js] [39m[gate],[gate-server-1],[1652363304262],[disconnect]
[2022-05-12 19:18:24.270] [INFO] crash-log - [32m[/home/vishal/code/local/node/pokermoogley_wssl_gameserver/game-server/node_modules/pomelo/lib/master/master.js] [39m[buddy],[buddy-server-1],[1652363304270],[disconnect]
[2022-05-12 19:18:24.272] [INFO] crash-log - [32m[/home/vishal/code/local/node/pokermoogley_wssl_gameserver/game-server/node_modules/pomelo/lib/master/master.js] [39m[connector],[connector-server-1],[1652363304272],[disconnect]
[2022-05-12 19:18:24.275] [INFO] crash-log - [32m[/home/vishal/code/local/node/pokermoogley_wssl_gameserver/game-server/node_modules/pomelo/lib/master/master.js] [39m[database],[database-server-1],[1652363304275],[disconnect]
[2022-05-12 19:18:24.313] [INFO] crash-log - [32m[/home/vishal/code/local/node/pokermoogley_wssl_gameserver/game-server/node_modules/pomelo/lib/master/master.js] [39m[room],[room-server-1],[1652363304313],[disconnect]
[2022-05-12 19:20:55.130] [INFO] crash-log - [32m[/home/vishal/code/local/node/pokermoogley_wssl_gameserver/game-server/node_modules/pomelo/lib/master/master.js] [39m[client],[pomelo_list_1652363455022],[1652363455130],[disconnect]
[2022-05-12 19:24:42.478] [INFO] crash-log - [32m[/home/vishal/code/local/node/pokermoogley_wssl_gameserver/game-server/node_modules/pomelo/lib/master/master.js] [39m[client],[pomelo_list_1652363682371],[1652363682478],[disconnect]
[2022-05-12 19:27:52.500] [INFO] crash-log - [32m[/home/vishal/code/local/node/pokermoogley_wssl_gameserver/game-server/node_modules/pomelo/lib/master/master.js] [39m[client],[pomelo_list_1652363872385],[1652363872500],[disconnect]
[2022-05-13 11:34:41.083] [INFO] crash-log - [32m[/home/vishal/code/local/node/pokermoogley_wssl_gameserver/game-server/node_modules/pomelo/lib/master/master.js] [39m[client],[pomelo_list_1652421880976],[1652421881082],[disconnect]
[2022-05-13 11:58:59.758] [INFO] crash-log - [32m[/home/vishal/code/local/node/pokermoogley_wssl_gameserver/game-server/node_modules/pomelo/lib/master/master.js] [39m[client],[pomelo_list_1652423339649],[1652423339758],[disconnect]
[2022-05-13 12:32:57.851] [INFO] crash-log - [32m[/home/vishal/code/local/node/pokermoogley_wssl_gameserver/game-server/node_modules/pomelo/lib/master/master.js] [39m[client],[pomelo_list_1652425377736],[1652425377851],[disconnect]
[2022-05-13 12:38:06.155] [INFO] crash-log - [32m[/home/vishal/code/local/node/pokermoogley_wssl_gameserver/game-server/node_modules/pomelo/lib/master/master.js] [39m[client],[pomelo_list_1652425686048],[1652425686155],[disconnect]
[2022-05-13 12:50:59.939] [INFO] crash-log - [32m[/home/vishal/code/local/node/pokermoogley_wssl_gameserver/game-server/node_modules/pomelo/lib/master/master.js] [39m[client],[pomelo_list_1652426459831],[1652426459939],[disconnect]
[2022-05-13 13:02:14.465] [INFO] crash-log - [32m[/home/vishal/code/local/node/pokermoogley_wssl_gameserver/game-server/node_modules/pomelo/lib/master/master.js] [39m[client],[pomelo_list_1652427134351],[1652427134465],[disconnect]
[2022-05-13 13:18:24.141] [INFO] crash-log - [32m[/home/vishal/code/local/node/pokermoogley_wssl_gameserver/game-server/node_modules/pomelo/lib/master/master.js] [39m[client],[pomelo_list_1652428104076],[1652428104141],[disconnect]
[2022-05-13 13:26:29.853] [INFO] crash-log - [32m[/home/vishal/code/local/node/pokermoogley_wssl_gameserver/game-server/node_modules/pomelo/lib/master/master.js] [39m[client],[pomelo_list_1652428589742],[1652428589853],[disconnect]
[2022-05-13 13:40:16.585] [INFO] crash-log - [32m[/home/vishal/code/local/node/pokermoogley_wssl_gameserver/game-server/node_modules/pomelo/lib/master/master.js] [39m[client],[pomelo_list_1652429416474],[1652429416585],[disconnect]
[2022-05-13 13:52:00.175] [INFO] crash-log - [32m[/home/vishal/code/local/node/pokermoogley_wssl_gameserver/game-server/node_modules/pomelo/lib/master/master.js] [39m[client],[pomelo_list_1652430120058],[1652430120174],[disconnect]
[2022-05-13 14:03:27.153] [INFO] crash-log - [32m[/home/vishal/code/local/node/pokermoogley_wssl_gameserver/game-server/node_modules/pomelo/lib/master/master.js] [39m[client],[pomelo_list_1652430807044],[1652430807153],[disconnect]
[2022-05-13 15:17:13.542] [INFO] crash-log - [32m[/home/vishal/code/local/node/pokermoogley_wssl_gameserver/game-server/node_modules/pomelo/lib/master/master.js] [39m[client],[pomelo_list_1652435233435],[1652435233542],[disconnect]
[2022-05-13 16:51:24.202] [INFO] crash-log - [32m[/home/vishal/code/local/node/pokermoogley_wssl_gameserver/game-server/node_modules/pomelo/lib/master/master.js] [39m[client],[pomelo_list_1652440884087],[1652440884202],[disconnect]
[2022-05-13 17:27:07.210] [INFO] crash-log - [32m[/home/vishal/code/local/node/pokermoogley_wssl_gameserver/game-server/node_modules/pomelo/lib/master/master.js] [39m[client],[pomelo_list_1652443027103],[1652443027210],[disconnect]
[2022-05-13 18:07:08.293] [INFO] crash-log - [32m[/home/vishal/code/local/node/pokermoogley_wssl_gameserver/game-server/node_modules/pomelo/lib/master/master.js] [39m[client],[pomelo_list_1652445428184],[1652445428293],[disconnect]
[2022-05-13 18:07:18.332] [INFO] crash-log - [32m[/home/vishal/code/local/node/pokermoogley_wssl_gameserver/game-server/node_modules/pomelo/lib/master/master.js] [39m[client],[pomelo_list_1652445438228],[1652445438332],[disconnect]
[2022-05-13 18:09:40.243] [INFO] crash-log - [32m[/home/vishal/code/local/node/pokermoogley_wssl_gameserver/game-server/node_modules/pomelo/lib/master/master.js] [39m[client],[pomelo_list_1652445580131],[1652445580243],[disconnect]
[2022-05-13 18:19:31.949] [INFO] crash-log - [32m[/home/vishal/code/local/node/pokermoogley_wssl_gameserver/game-server/node_modules/pomelo/lib/master/master.js] [39m[client],[pomelo_list_1652446171840],[1652446171949],[disconnect]
[2023-05-03 17:37:34.132] [INFO] crash-log - [32m[/home/centos/poker_gameserver_master/game-server/node_modules/pomelo/lib/master/master.js] [39m[room],[room-server-1],[1683135454132],[disconnect]
[2023-05-03 17:37:34.137] [INFO] crash-log - [32m[/home/centos/poker_gameserver_master/game-server/node_modules/pomelo/lib/master/master.js] [39m[buddy],[buddy-server-1],[1683135454137],[disconnect]
[2023-05-03 17:37:34.141] [INFO] crash-log - [32m[/home/centos/poker_gameserver_master/game-server/node_modules/pomelo/lib/master/master.js] [39m[connector],[connector-server-1],[1683135454141],[disconnect]
[2023-05-03 17:37:34.143] [INFO] crash-log - [32m[/home/centos/poker_gameserver_master/game-server/node_modules/pomelo/lib/master/master.js] [39m[gate],[gate-server-1],[1683135454143],[disconnect]
[2023-05-03 17:37:34.148] [INFO] crash-log - [32m[/home/centos/poker_gameserver_master/game-server/node_modules/pomelo/lib/master/master.js] [39m[database],[database-server-1],[1683135454148],[disconnect]
[2023-05-03 17:47:51.033] [INFO] crash-log - [32m[/home/centos/poker_gameserver_master/game-server/node_modules/pomelo/lib/master/master.js] [39m[buddy],[buddy-server-1],[1683136071033],[disconnect]
[2023-05-03 17:47:51.035] [INFO] crash-log - [32m[/home/centos/poker_gameserver_master/game-server/node_modules/pomelo/lib/master/master.js] [39m[room],[room-server-1],[1683136071035],[disconnect]
[2023-05-03 17:47:51.041] [INFO] crash-log - [32m[/home/centos/poker_gameserver_master/game-server/node_modules/pomelo/lib/master/master.js] [39m[database],[database-server-1],[1683136071041],[disconnect]
[2023-05-03 17:47:51.048] [INFO] crash-log - [32m[/home/centos/poker_gameserver_master/game-server/node_modules/pomelo/lib/master/master.js] [39m[connector],[connector-server-1],[1683136071048],[disconnect]
[2023-05-03 17:47:51.049] [INFO] crash-log - [32m[/home/centos/poker_gameserver_master/game-server/node_modules/pomelo/lib/master/master.js] [39m[gate],[gate-server-1],[1683136071049],[disconnect]
[2023-05-05 06:55:09.896] [INFO] crash-log - [32m[/home/centos/poker_gameserver_master/game-server/node_modules/pomelo/lib/master/master.js] [39m[database],[database-server-1],[1683269709896],[disconnect]
[2023-05-05 06:55:09.900] [INFO] crash-log - [32m[/home/centos/poker_gameserver_master/game-server/node_modules/pomelo/lib/master/master.js] [39m[room],[room-server-1],[1683269709900],[disconnect]
[2023-05-05 06:55:09.904] [INFO] crash-log - [32m[/home/centos/poker_gameserver_master/game-server/node_modules/pomelo/lib/master/master.js] [39m[buddy],[buddy-server-1],[1683269709904],[disconnect]
[2023-05-05 06:55:09.906] [INFO] crash-log - [32m[/home/centos/poker_gameserver_master/game-server/node_modules/pomelo/lib/master/master.js] [39m[gate],[gate-server-1],[1683269709905],[disconnect]
[2023-05-05 06:55:09.912] [INFO] crash-log - [32m[/home/centos/poker_gameserver_master/game-server/node_modules/pomelo/lib/master/master.js] [39m[connector],[connector-server-1],[1683269709912],[disconnect]
[2023-05-06 03:34:24.862] [INFO] crash-log - [32m[/home/centos/poker_gameserver_master/game-server/node_modules/pomelo/lib/master/master.js] [39m[room],[room-server-1],[1683344064862],[disconnect]
[2023-05-06 03:34:24.864] [INFO] crash-log - [32m[/home/centos/poker_gameserver_master/game-server/node_modules/pomelo/lib/master/master.js] [39m[connector],[connector-server-1],[1683344064864],[disconnect]
[2023-05-06 03:34:24.865] [INFO] crash-log - [32m[/home/centos/poker_gameserver_master/game-server/node_modules/pomelo/lib/master/master.js] [39m[buddy],[buddy-server-1],[1683344064865],[disconnect]
[2023-05-06 03:34:24.865] [INFO] crash-log - [32m[/home/centos/poker_gameserver_master/game-server/node_modules/pomelo/lib/master/master.js] [39m[database],[database-server-1],[1683344064865],[disconnect]
[2023-05-06 03:34:24.868] [INFO] crash-log - [32m[/home/centos/poker_gameserver_master/game-server/node_modules/pomelo/lib/master/master.js] [39m[gate],[gate-server-1],[1683344064868],[disconnect]
[2023-05-06 17:39:52.588] [INFO] crash-log - [32m[/home/centos/poker_gameserver_master/game-server/node_modules/pomelo/lib/master/master.js] [39m[buddy],[buddy-server-1],[1683394792588],[disconnect]
[2023-05-06 17:39:52.601] [INFO] crash-log - [32m[/home/centos/poker_gameserver_master/game-server/node_modules/pomelo/lib/master/master.js] [39m[room],[room-server-1],[1683394792601],[disconnect]
[2023-05-06 17:39:52.603] [INFO] crash-log - [32m[/home/centos/poker_gameserver_master/game-server/node_modules/pomelo/lib/master/master.js] [39m[database],[database-server-1],[1683394792603],[disconnect]
[2023-05-06 17:39:52.604] [INFO] crash-log - [32m[/home/centos/poker_gameserver_master/game-server/node_modules/pomelo/lib/master/master.js] [39m[connector],[connector-server-1],[1683394792604],[disconnect]
[2023-05-06 17:39:52.606] [INFO] crash-log - [32m[/home/centos/poker_gameserver_master/game-server/node_modules/pomelo/lib/master/master.js] [39m[gate],[gate-server-1],[1683394792606],[disconnect]
[2023-05-07 07:59:24.995] [INFO] crash-log - [32m[/home/centos/poker_gameserver_master/game-server/node_modules/pomelo/lib/master/master.js] [39m[room],[room-server-1],[1683446364995],[disconnect]
[2023-05-07 07:59:24.998] [INFO] crash-log - [32m[/home/centos/poker_gameserver_master/game-server/node_modules/pomelo/lib/master/master.js] [39m[gate],[gate-server-1],[1683446364998],[disconnect]
[2023-05-07 07:59:25.000] [INFO] crash-log - [32m[/home/centos/poker_gameserver_master/game-server/node_modules/pomelo/lib/master/master.js] [39m[buddy],[buddy-server-1],[1683446364999],[disconnect]
[2023-05-07 07:59:25.003] [INFO] crash-log - [32m[/home/centos/poker_gameserver_master/game-server/node_modules/pomelo/lib/master/master.js] [39m[database],[database-server-1],[1683446365003],[disconnect]
[2023-05-07 07:59:25.005] [INFO] crash-log - [32m[/home/centos/poker_gameserver_master/game-server/node_modules/pomelo/lib/master/master.js] [39m[connector],[connector-server-1],[1683446365005],[disconnect]
[2023-05-08 02:36:43.929] [INFO] crash-log - [32m[/home/centos/poker_gameserver_master/game-server/node_modules/pomelo/lib/master/master.js] [39m[connector],[connector-server-1],[1683513403929],[disconnect]
[2023-05-08 02:36:43.934] [INFO] crash-log - [32m[/home/centos/poker_gameserver_master/game-server/node_modules/pomelo/lib/master/master.js] [39m[database],[database-server-1],[1683513403934],[disconnect]
[2023-05-08 02:36:43.942] [INFO] crash-log - [32m[/home/centos/poker_gameserver_master/game-server/node_modules/pomelo/lib/master/master.js] [39m[buddy],[buddy-server-1],[1683513403942],[disconnect]
[2023-05-08 02:36:43.943] [INFO] crash-log - [32m[/home/centos/poker_gameserver_master/game-server/node_modules/pomelo/lib/master/master.js] [39m[gate],[gate-server-1],[1683513403943],[disconnect]
[2023-05-08 02:36:43.945] [INFO] crash-log - [32m[/home/centos/poker_gameserver_master/game-server/node_modules/pomelo/lib/master/master.js] [39m[room],[room-server-1],[1683513403945],[disconnect]
[2023-05-08 17:18:53.470] [INFO] crash-log - [32m[/home/centos/poker_gameserver_master/game-server/node_modules/pomelo/lib/master/master.js] [39m[buddy],[buddy-server-1],[1683566333470],[disconnect]
[2023-05-08 17:18:53.473] [INFO] crash-log - [32m[/home/centos/poker_gameserver_master/game-server/node_modules/pomelo/lib/master/master.js] [39m[database],[database-server-1],[1683566333473],[disconnect]
[2023-05-08 17:18:53.482] [INFO] crash-log - [32m[/home/centos/poker_gameserver_master/game-server/node_modules/pomelo/lib/master/master.js] [39m[gate],[gate-server-1],[1683566333482],[disconnect]
[2023-05-08 17:18:53.483] [INFO] crash-log - [32m[/home/centos/poker_gameserver_master/game-server/node_modules/pomelo/lib/master/master.js] [39m[room],[room-server-1],[1683566333483],[disconnect]
[2023-05-08 17:18:53.487] [INFO] crash-log - [32m[/home/centos/poker_gameserver_master/game-server/node_modules/pomelo/lib/master/master.js] [39m[connector],[connector-server-1],[1683566333487],[disconnect]
[2023-05-09 05:03:50.783] [INFO] crash-log - [32m[/home/centos/poker_gameserver_master/game-server/node_modules/pomelo/lib/master/master.js] [39m[buddy],[buddy-server-1],[1683608630783],[disconnect]
[2023-05-09 05:03:50.786] [INFO] crash-log - [32m[/home/centos/poker_gameserver_master/game-server/node_modules/pomelo/lib/master/master.js] [39m[room],[room-server-1],[1683608630785],[disconnect]
[2023-05-09 05:03:50.787] [INFO] crash-log - [32m[/home/centos/poker_gameserver_master/game-server/node_modules/pomelo/lib/master/master.js] [39m[gate],[gate-server-1],[1683608630787],[disconnect]
[2023-05-09 05:03:50.788] [INFO] crash-log - [32m[/home/centos/poker_gameserver_master/game-server/node_modules/pomelo/lib/master/master.js] [39m[database],[database-server-1],[1683608630788],[disconnect]
[2023-05-09 05:03:50.790] [INFO] crash-log - [32m[/home/centos/poker_gameserver_master/game-server/node_modules/pomelo/lib/master/master.js] [39m[connector],[connector-server-1],[1683608630790],[disconnect]
[2023-05-16 16:33:32.468] [INFO] crash-log - [32m[/home/centos/poker_gameserver_master/game-server/node_modules/pomelo/lib/master/master.js] [39m[room],[room-server-1],[1684254812468],[disconnect]
[2023-05-16 16:33:32.470] [INFO] crash-log - [32m[/home/centos/poker_gameserver_master/game-server/node_modules/pomelo/lib/master/master.js] [39m[buddy],[buddy-server-1],[1684254812470],[disconnect]
[2023-05-16 16:33:32.477] [INFO] crash-log - [32m[/home/centos/poker_gameserver_master/game-server/node_modules/pomelo/lib/master/master.js] [39m[database],[database-server-1],[1684254812477],[disconnect]
[2023-05-16 16:33:32.478] [INFO] crash-log - [32m[/home/centos/poker_gameserver_master/game-server/node_modules/pomelo/lib/master/master.js] [39m[gate],[gate-server-1],[1684254812478],[disconnect]
[2023-05-16 16:33:32.479] [INFO] crash-log - [32m[/home/centos/poker_gameserver_master/game-server/node_modules/pomelo/lib/master/master.js] [39m[connector],[connector-server-1],[1684254812479],[disconnect]
[2023-05-16 16:46:47.949] [INFO] crash-log - [32m[/home/centos/poker_gameserver_master/game-server/node_modules/pomelo/lib/master/master.js] [39m[database],[database-server-1],[1684255607948],[disconnect]
[2023-05-16 16:46:47.951] [INFO] crash-log - [32m[/home/centos/poker_gameserver_master/game-server/node_modules/pomelo/lib/master/master.js] [39m[buddy],[buddy-server-1],[1684255607951],[disconnect]
[2023-05-16 16:46:47.957] [INFO] crash-log - [32m[/home/centos/poker_gameserver_master/game-server/node_modules/pomelo/lib/master/master.js] [39m[room],[room-server-1],[1684255607957],[disconnect]
[2023-05-16 16:46:47.959] [INFO] crash-log - [32m[/home/centos/poker_gameserver_master/game-server/node_modules/pomelo/lib/master/master.js] [39m[gate],[gate-server-1],[1684255607959],[disconnect]
[2023-05-16 16:46:47.963] [INFO] crash-log - [32m[/home/centos/poker_gameserver_master/game-server/node_modules/pomelo/lib/master/master.js] [39m[connector],[connector-server-1],[1684255607963],[disconnect]
[2023-05-18 02:28:17.694] [INFO] crash-log - [32m[/home/centos/poker_gameserver_master/game-server/node_modules/pomelo/lib/master/master.js] [39m[gate],[gate-server-1],[1684376897694],[disconnect]
[2023-05-18 02:28:17.698] [INFO] crash-log - [32m[/home/centos/poker_gameserver_master/game-server/node_modules/pomelo/lib/master/master.js] [39m[database],[database-server-1],[1684376897698],[disconnect]
[2023-05-18 02:28:17.700] [INFO] crash-log - [32m[/home/centos/poker_gameserver_master/game-server/node_modules/pomelo/lib/master/master.js] [39m[room],[room-server-1],[1684376897699],[disconnect]
[2023-05-18 02:28:17.703] [INFO] crash-log - [32m[/home/centos/poker_gameserver_master/game-server/node_modules/pomelo/lib/master/master.js] [39m[buddy],[buddy-server-1],[1684376897703],[disconnect]
[2023-05-18 02:28:17.703] [INFO] crash-log - [32m[/home/centos/poker_gameserver_master/game-server/node_modules/pomelo/lib/master/master.js] [39m[connector],[connector-server-1],[1684376897703],[disconnect]
[2023-05-22 05:03:18.992] [INFO] crash-log - [32m[/home/centos/poker_gameserver_master/game-server/node_modules/pomelo/lib/master/master.js] [39m[database],[database-server-1],[1684731798992],[disconnect]
[2023-05-22 05:03:18.997] [INFO] crash-log - [32m[/home/centos/poker_gameserver_master/game-server/node_modules/pomelo/lib/master/master.js] [39m[room],[room-server-1],[1684731798997],[disconnect]
[2023-05-22 05:03:19.001] [INFO] crash-log - [32m[/home/centos/poker_gameserver_master/game-server/node_modules/pomelo/lib/master/master.js] [39m[buddy],[buddy-server-1],[1684731799001],[disconnect]
[2023-05-22 05:03:19.002] [INFO] crash-log - [32m[/home/centos/poker_gameserver_master/game-server/node_modules/pomelo/lib/master/master.js] [39m[connector],[connector-server-1],[1684731799002],[disconnect]
[2023-05-22 05:03:19.011] [INFO] crash-log - [32m[/home/centos/poker_gameserver_master/game-server/node_modules/pomelo/lib/master/master.js] [39m[gate],[gate-server-1],[1684731799011],[disconnect]
[2023-05-22 05:19:18.214] [INFO] crash-log - [32m[/home/centos/poker_gameserver_master/game-server/node_modules/pomelo/lib/master/master.js] [39m[buddy],[buddy-server-1],[1684732758214],[disconnect]
[2023-05-22 05:19:18.216] [INFO] crash-log - [32m[/home/centos/poker_gameserver_master/game-server/node_modules/pomelo/lib/master/master.js] [39m[connector],[connector-server-1],[1684732758216],[disconnect]
[2023-05-22 05:19:18.218] [INFO] crash-log - [32m[/home/centos/poker_gameserver_master/game-server/node_modules/pomelo/lib/master/master.js] [39m[gate],[gate-server-1],[1684732758217],[disconnect]
[2023-05-22 05:19:18.219] [INFO] crash-log - [32m[/home/centos/poker_gameserver_master/game-server/node_modules/pomelo/lib/master/master.js] [39m[room],[room-server-1],[1684732758219],[disconnect]
[2023-05-22 05:19:18.221] [INFO] crash-log - [32m[/home/centos/poker_gameserver_master/game-server/node_modules/pomelo/lib/master/master.js] [39m[database],[database-server-1],[1684732758221],[disconnect]
[2023-05-22 05:19:20.642] [INFO] crash-log - [32m[/home/centos/poker_gameserver_master/game-server/node_modules/pomelo/lib/master/master.js] [39m[client],[pomelo_terminal_1684732758085],[1684732760642],[disconnect]
[2023-05-22 07:20:44.806] [INFO] crash-log - [32m[/home/centos/poker_gameserver_master/game-server/node_modules/pomelo/lib/master/master.js] [39m[room],[room-server-1],[1684740044806],[disconnect]
[2023-05-22 07:20:44.809] [INFO] crash-log - [32m[/home/centos/poker_gameserver_master/game-server/node_modules/pomelo/lib/master/master.js] [39m[buddy],[buddy-server-1],[1684740044809],[disconnect]
[2023-05-22 07:20:44.811] [INFO] crash-log - [32m[/home/centos/poker_gameserver_master/game-server/node_modules/pomelo/lib/master/master.js] [39m[database],[database-server-1],[1684740044811],[disconnect]
[2023-05-22 07:20:44.814] [INFO] crash-log - [32m[/home/centos/poker_gameserver_master/game-server/node_modules/pomelo/lib/master/master.js] [39m[connector],[connector-server-1],[1684740044814],[disconnect]
[2023-05-22 07:20:44.814] [INFO] crash-log - [32m[/home/centos/poker_gameserver_master/game-server/node_modules/pomelo/lib/master/master.js] [39m[gate],[gate-server-1],[1684740044814],[disconnect]
[2023-05-22 07:20:47.447] [INFO] crash-log - [32m[/home/centos/poker_gameserver_master/game-server/node_modules/pomelo/lib/master/master.js] [39m[client],[pomelo_terminal_1684740044683],[1684740047447],[disconnect]
[2023-05-22 07:37:00.908] [INFO] crash-log - [32m[/home/centos/poker_gameserver_master/game-server/node_modules/pomelo/lib/master/master.js] [39m[connector],[connector-server-1],[1684741020908],[disconnect]
[2023-05-22 07:37:00.911] [INFO] crash-log - [32m[/home/centos/poker_gameserver_master/game-server/node_modules/pomelo/lib/master/master.js] [39m[database],[database-server-1],[1684741020911],[disconnect]
[2023-05-22 07:37:00.915] [INFO] crash-log - [32m[/home/centos/poker_gameserver_master/game-server/node_modules/pomelo/lib/master/master.js] [39m[gate],[gate-server-1],[1684741020915],[disconnect]
[2023-05-22 07:37:00.917] [INFO] crash-log - [32m[/home/centos/poker_gameserver_master/game-server/node_modules/pomelo/lib/master/master.js] [39m[buddy],[buddy-server-1],[1684741020917],[disconnect]
[2023-05-22 07:37:00.919] [INFO] crash-log - [32m[/home/centos/poker_gameserver_master/game-server/node_modules/pomelo/lib/master/master.js] [39m[room],[room-server-1],[1684741020919],[disconnect]
[2023-05-24 10:43:04.647] [INFO] crash-log - [32m[/home/centos/poker_gameserver_master/game-server/node_modules/pomelo/lib/master/master.js] [39m[connector],[connector-server-1],[1684924984647],[disconnect]
[2023-05-24 10:43:04.655] [INFO] crash-log - [32m[/home/centos/poker_gameserver_master/game-server/node_modules/pomelo/lib/master/master.js] [39m[database],[database-server-1],[1684924984653],[disconnect]
[2023-05-24 10:43:04.656] [INFO] crash-log - [32m[/home/centos/poker_gameserver_master/game-server/node_modules/pomelo/lib/master/master.js] [39m[gate],[gate-server-1],[1684924984656],[disconnect]
[2023-05-24 10:43:04.657] [INFO] crash-log - [32m[/home/centos/poker_gameserver_master/game-server/node_modules/pomelo/lib/master/master.js] [39m[room],[room-server-1],[1684924984657],[disconnect]
[2023-05-24 10:43:04.658] [INFO] crash-log - [32m[/home/centos/poker_gameserver_master/game-server/node_modules/pomelo/lib/master/master.js] [39m[buddy],[buddy-server-1],[1684924984658],[disconnect]
[2023-05-24 10:43:06.507] [INFO] crash-log - [32m[/home/centos/poker_gameserver_master/game-server/node_modules/pomelo/lib/master/master.js] [39m[client],[pomelo_terminal_1684924984529],[1684924986507],[disconnect]
[2023-05-31 03:21:50.636] [INFO] crash-log - [32m[/home/centos/poker_gameserver_master/game-server/node_modules/pomelo/lib/master/master.js] [39m[buddy],[buddy-server-1],[1685503310636],[disconnect]
[2023-05-31 03:21:50.663] [INFO] crash-log - [32m[/home/centos/poker_gameserver_master/game-server/node_modules/pomelo/lib/master/master.js] [39m[room],[room-server-1],[1685503310663],[disconnect]
[2023-05-31 03:21:50.664] [INFO] crash-log - [32m[/home/centos/poker_gameserver_master/game-server/node_modules/pomelo/lib/master/master.js] [39m[gate],[gate-server-1],[1685503310664],[disconnect]
[2023-05-31 03:21:50.669] [INFO] crash-log - [32m[/home/centos/poker_gameserver_master/game-server/node_modules/pomelo/lib/master/master.js] [39m[database],[database-server-1],[1685503310669],[disconnect]
[2023-05-31 03:21:50.671] [INFO] crash-log - [32m[/home/centos/poker_gameserver_master/game-server/node_modules/pomelo/lib/master/master.js] [39m[connector],[connector-server-1],[1685503310671],[disconnect]
[2023-07-28 03:30:37.452] [INFO] crash-log - [32m[/home/centos/poker_gameserver_master/game-server/node_modules/pomelo/lib/master/master.js] [39m[buddy],[buddy-server-1],[1690515037452],[disconnect]
[2023-07-28 03:30:37.464] [INFO] crash-log - [32m[/home/centos/poker_gameserver_master/game-server/node_modules/pomelo/lib/master/master.js] [39m[gate],[gate-server-1],[1690515037464],[disconnect]
[2023-07-28 03:30:37.471] [INFO] crash-log - [32m[/home/centos/poker_gameserver_master/game-server/node_modules/pomelo/lib/master/master.js] [39m[connector],[connector-server-1],[1690515037471],[disconnect]
[2023-07-28 03:30:37.478] [INFO] crash-log - [32m[/home/centos/poker_gameserver_master/game-server/node_modules/pomelo/lib/master/master.js] [39m[database],[database-server-1],[1690515037478],[disconnect]
[2023-07-28 03:30:37.481] [INFO] crash-log - [32m[/home/centos/poker_gameserver_master/game-server/node_modules/pomelo/lib/master/master.js] [39m[room],[room-server-1],[1690515037481],[disconnect]
[2023-09-26 17:33:35.313] [INFO] crash-log - [32m[D:\H2\holdempoker\holdempoker-game-server\game-server\node_modules\pomelo\lib\master\master.js] [39m[room],[room-server-1],[1695724415313],[disconnect]
